{"/Users/sourabh/Desktop/SE/Project/LayOns/CSC510_SE_PROJECT_Spring23/backend/server.js": {"path":"/Users/sourabh/Desktop/SE/Project/LayOns/CSC510_SE_PROJECT_Spring23/backend/server.js","statementMap":{"0":{"start":{"line":1,"column":16},"end":{"line":1,"column":34}},"1":{"start":{"line":2,"column":11},"end":{"line":2,"column":24}},"2":{"start":{"line":3,"column":13},"end":{"line":3,"column":28}},"3":{"start":{"line":4,"column":19},"end":{"line":4,"column":48}},"4":{"start":{"line":5,"column":13},"end":{"line":5,"column":71}},"5":{"start":{"line":6,"column":12},"end":{"line":6,"column":21}},"6":{"start":{"line":7,"column":0},"end":{"line":7,"column":16}},"7":{"start":{"line":8,"column":0},"end":{"line":8,"column":79}},"8":{"start":{"line":10,"column":13},"end":{"line":10,"column":14}},"9":{"start":{"line":11,"column":14},"end":{"line":11,"column":15}},"10":{"start":{"line":12,"column":11},"end":{"line":12,"column":13}},"11":{"start":{"line":13,"column":13},"end":{"line":13,"column":22}},"12":{"start":{"line":15,"column":19},"end":{"line":15,"column":41}},"13":{"start":{"line":17,"column":0},"end":{"line":17,"column":52}},"14":{"start":{"line":18,"column":0},"end":{"line":18,"column":27}},"15":{"start":{"line":20,"column":13},"end":{"line":20,"column":29}},"16":{"start":{"line":22,"column":0},"end":{"line":22,"column":32}},"17":{"start":{"line":25,"column":0},"end":{"line":45,"column":3}},"18":{"start":{"line":26,"column":12},"end":{"line":26,"column":14}},"19":{"start":{"line":27,"column":2},"end":{"line":27,"column":40}},"20":{"start":{"line":28,"column":2},"end":{"line":28,"column":52}},"21":{"start":{"line":29,"column":2},"end":{"line":29,"column":41}},"22":{"start":{"line":30,"column":2},"end":{"line":30,"column":41}},"23":{"start":{"line":31,"column":2},"end":{"line":31,"column":40}},"24":{"start":{"line":32,"column":2},"end":{"line":32,"column":46}},"25":{"start":{"line":33,"column":2},"end":{"line":33,"column":54}},"26":{"start":{"line":37,"column":2},"end":{"line":37,"column":14}},"27":{"start":{"line":38,"column":2},"end":{"line":38,"column":21}},"28":{"start":{"line":41,"column":2},"end":{"line":41,"column":23}},"29":{"start":{"line":44,"column":2},"end":{"line":44,"column":16}},"30":{"start":{"line":48,"column":0},"end":{"line":54,"column":3}},"31":{"start":{"line":49,"column":17},"end":{"line":49,"column":19}},"32":{"start":{"line":50,"column":2},"end":{"line":52,"column":3}},"33":{"start":{"line":50,"column":15},"end":{"line":50,"column":16}},"34":{"start":{"line":50,"column":24},"end":{"line":50,"column":41}},"35":{"start":{"line":51,"column":4},"end":{"line":51,"column":33}},"36":{"start":{"line":53,"column":2},"end":{"line":53,"column":21}},"37":{"start":{"line":57,"column":0},"end":{"line":63,"column":3}},"38":{"start":{"line":58,"column":18},"end":{"line":58,"column":20}},"39":{"start":{"line":59,"column":2},"end":{"line":61,"column":3}},"40":{"start":{"line":59,"column":15},"end":{"line":59,"column":16}},"41":{"start":{"line":59,"column":24},"end":{"line":59,"column":42}},"42":{"start":{"line":60,"column":4},"end":{"line":60,"column":35}},"43":{"start":{"line":62,"column":2},"end":{"line":62,"column":22}},"44":{"start":{"line":66,"column":0},"end":{"line":81,"column":3}},"45":{"start":{"line":67,"column":2},"end":{"line":67,"column":12}},"46":{"start":{"line":68,"column":2},"end":{"line":68,"column":21}},"47":{"start":{"line":69,"column":2},"end":{"line":71,"column":5}},"48":{"start":{"line":70,"column":4},"end":{"line":70,"column":63}},"49":{"start":{"line":73,"column":2},"end":{"line":73,"column":26}},"50":{"start":{"line":84,"column":0},"end":{"line":91,"column":3}},"51":{"start":{"line":85,"column":15},"end":{"line":85,"column":34}},"52":{"start":{"line":87,"column":12},"end":{"line":87,"column":53}},"53":{"start":{"line":87,"column":35},"end":{"line":87,"column":52}},"54":{"start":{"line":90,"column":2},"end":{"line":90,"column":16}},"55":{"start":{"line":93,"column":0},"end":{"line":95,"column":3}},"56":{"start":{"line":94,"column":2},"end":{"line":94,"column":38}},"57":{"start":{"line":96,"column":0},"end":{"line":98,"column":3}},"58":{"start":{"line":97,"column":2},"end":{"line":97,"column":23}},"59":{"start":{"line":101,"column":17},"end":{"line":112,"column":1}},"60":{"start":{"line":114,"column":18},"end":{"line":125,"column":1}},"61":{"start":{"line":126,"column":0},"end":{"line":126,"column":24}}},"fnMap":{"0":{"name":"(anonymous_0)","decl":{"start":{"line":25,"column":18},"end":{"line":25,"column":19}},"loc":{"start":{"line":25,"column":32},"end":{"line":45,"column":1}},"line":25},"1":{"name":"(anonymous_1)","decl":{"start":{"line":48,"column":26},"end":{"line":48,"column":27}},"loc":{"start":{"line":48,"column":40},"end":{"line":54,"column":1}},"line":48},"2":{"name":"(anonymous_2)","decl":{"start":{"line":57,"column":28},"end":{"line":57,"column":29}},"loc":{"start":{"line":57,"column":42},"end":{"line":63,"column":1}},"line":57},"3":{"name":"(anonymous_3)","decl":{"start":{"line":66,"column":24},"end":{"line":66,"column":25}},"loc":{"start":{"line":66,"column":38},"end":{"line":81,"column":1}},"line":66},"4":{"name":"(anonymous_4)","decl":{"start":{"line":69,"column":21},"end":{"line":69,"column":22}},"loc":{"start":{"line":69,"column":36},"end":{"line":71,"column":3}},"line":69},"5":{"name":"(anonymous_5)","decl":{"start":{"line":84,"column":24},"end":{"line":84,"column":25}},"loc":{"start":{"line":84,"column":38},"end":{"line":91,"column":1}},"line":84},"6":{"name":"(anonymous_6)","decl":{"start":{"line":87,"column":28},"end":{"line":87,"column":29}},"loc":{"start":{"line":87,"column":35},"end":{"line":87,"column":52}},"line":87},"7":{"name":"(anonymous_7)","decl":{"start":{"line":93,"column":20},"end":{"line":93,"column":21}},"loc":{"start":{"line":93,"column":34},"end":{"line":95,"column":1}},"line":93},"8":{"name":"(anonymous_8)","decl":{"start":{"line":96,"column":19},"end":{"line":96,"column":20}},"loc":{"start":{"line":96,"column":33},"end":{"line":98,"column":1}},"line":96}},"branchMap":{},"s":{"0":1,"1":1,"2":1,"3":1,"4":1,"5":1,"6":1,"7":1,"8":1,"9":1,"10":1,"11":1,"12":1,"13":1,"14":1,"15":1,"16":1,"17":1,"18":1,"19":1,"20":1,"21":1,"22":1,"23":1,"24":1,"25":1,"26":1,"27":1,"28":1,"29":1,"30":1,"31":2,"32":2,"33":2,"34":2,"35":2,"36":2,"37":1,"38":2,"39":2,"40":2,"41":2,"42":4,"43":2,"44":1,"45":1,"46":1,"47":1,"48":2,"49":1,"50":1,"51":1,"52":1,"53":1,"54":1,"55":1,"56":0,"57":1,"58":0,"59":1,"60":1,"61":1},"f":{"0":1,"1":2,"2":2,"3":1,"4":2,"5":1,"6":1,"7":0,"8":0},"b":{},"_coverageSchema":"1a1c01bbd47fc00a2c39e90264f33305004495a9","hash":"1e2aa8e10caec916c0fdf7961bc30c544fbfb9ac"}
}
