{"total": {"lines":{"total":57,"covered":55,"skipped":0,"pct":96.49},"statements":{"total":62,"covered":60,"skipped":0,"pct":96.77},"functions":{"total":9,"covered":7,"skipped":0,"pct":77.77},"branches":{"total":0,"covered":0,"skipped":0,"pct":100},"branchesTrue":{"total":0,"covered":0,"skipped":0,"pct":"Unknown"}}
,"/home/sriram/Desktop/pgrm/se/temp/csc510_SE_Project_layons/backend/server.js": {"lines":{"total":57,"covered":55,"skipped":0,"pct":96.49},"functions":{"total":9,"covered":7,"skipped":0,"pct":77.77},"statements":{"total":62,"covered":60,"skipped":0,"pct":96.77},"branches":{"total":0,"covered":0,"skipped":0,"pct":100}}
}
