TN:
SF:server.js
FN:25,(anonymous_0)
FN:48,(anonymous_1)
FN:57,(anonymous_2)
FN:66,(anonymous_3)
FN:69,(anonymous_4)
FN:84,(anonymous_5)
FN:87,(anonymous_6)
FN:93,(anonymous_7)
FN:96,(anonymous_8)
FNF:9
FNH:7
FNDA:1,(anonymous_0)
FNDA:2,(anonymous_1)
FNDA:2,(anonymous_2)
FNDA:1,(anonymous_3)
FNDA:2,(anonymous_4)
FNDA:1,(anonymous_5)
FNDA:1,(anonymous_6)
FNDA:0,(anonymous_7)
FNDA:0,(anonymous_8)
DA:1,1
DA:2,1
DA:3,1
DA:4,1
DA:5,1
DA:6,1
DA:7,1
DA:8,1
DA:10,1
DA:11,1
DA:12,1
DA:13,1
DA:15,1
DA:17,1
DA:18,1
DA:20,1
DA:22,1
DA:25,1
DA:26,1
DA:27,1
DA:28,1
DA:29,1
DA:30,1
DA:31,1
DA:32,1
DA:33,1
DA:37,1
DA:38,1
DA:41,1
DA:44,1
DA:48,1
DA:49,2
DA:50,2
DA:51,2
DA:53,2
DA:57,1
DA:58,2
DA:59,2
DA:60,4
DA:62,2
DA:66,1
DA:67,1
DA:68,1
DA:69,1
DA:70,2
DA:73,1
DA:84,1
DA:85,1
DA:87,1
DA:90,1
DA:93,1
DA:94,0
DA:96,1
DA:97,0
DA:101,1
DA:114,1
DA:126,1
LF:57
LH:55
BRF:0
BRH:0
end_of_record
